2022-11-10 05:27:39 [HikariPool-1 housekeeper] WARN  com.zaxxer.hikari.pool.HikariPool - HikariPool-1 - Thread starvation or clock leap detected (housekeeper delta=6h56m40s802ms).
2022-11-10 10:32:11 [HikariPool-1 housekeeper] WARN  com.zaxxer.hikari.pool.HikariPool - HikariPool-1 - Thread starvation or clock leap detected (housekeeper delta=5h4m31s343ms).
2022-11-10 14:24:29 [HikariPool-1 housekeeper] WARN  com.zaxxer.hikari.pool.HikariPool - HikariPool-1 - Thread starvation or clock leap detected (housekeeper delta=3h52m18s283ms).
2022-11-10 14:52:16 [HikariPool-1 connection closer] INFO  jdbc.connection - 132. Connection closed
2022-11-10 14:52:16 [HikariPool-1 connection adder] INFO  jdbc.connection - 141. Connection opened
2022-11-10 14:52:17 [HikariPool-1 connection closer] INFO  jdbc.connection - 135. Connection closed
2022-11-10 14:52:17 [HikariPool-1 connection adder] INFO  jdbc.connection - 142. Connection opened
2022-11-10 14:52:21 [HikariPool-1 connection closer] INFO  jdbc.connection - 139. Connection closed
2022-11-10 14:52:21 [HikariPool-1 connection adder] INFO  jdbc.connection - 143. Connection opened
2022-11-10 14:52:25 [HikariPool-1 connection closer] INFO  jdbc.connection - 134. Connection closed
2022-11-10 14:52:25 [HikariPool-1 connection adder] INFO  jdbc.connection - 144. Connection opened
2022-11-10 14:52:26 [HikariPool-1 connection closer] INFO  jdbc.connection - 138. Connection closed
2022-11-10 14:52:26 [HikariPool-1 connection adder] INFO  jdbc.connection - 145. Connection opened
2022-11-10 14:52:44 [HikariPool-1 connection closer] INFO  jdbc.connection - 131. Connection closed
2022-11-10 14:52:44 [HikariPool-1 connection adder] INFO  jdbc.connection - 146. Connection opened
2022-11-10 14:52:51 [HikariPool-1 connection closer] INFO  jdbc.connection - 133. Connection closed
2022-11-10 14:52:51 [HikariPool-1 connection adder] INFO  jdbc.connection - 147. Connection opened
2022-11-10 14:52:51 [HikariPool-1 connection closer] INFO  jdbc.connection - 140. Connection closed
2022-11-10 14:52:51 [HikariPool-1 connection adder] INFO  jdbc.connection - 148. Connection opened
2022-11-10 14:52:54 [HikariPool-1 connection closer] INFO  jdbc.connection - 137. Connection closed
2022-11-10 14:52:54 [HikariPool-1 connection adder] INFO  jdbc.connection - 149. Connection opened
2022-11-10 14:52:55 [HikariPool-1 connection closer] INFO  jdbc.connection - 136. Connection closed
2022-11-10 14:52:55 [HikariPool-1 connection adder] INFO  jdbc.connection - 150. Connection opened
2022-11-10 15:06:36 [main] INFO  o.s.w.c.s.XmlWebApplicationContext - Closing WebApplicationContext for namespace 'appServlet-servlet': startup date [Wed Nov 09 11:53:08 KST 2022]; parent: Root WebApplicationContext
2022-11-10 15:06:36 [main] INFO  o.s.w.c.s.XmlWebApplicationContext - Closing Root WebApplicationContext: startup date [Wed Nov 09 11:53:05 KST 2022]; root of context hierarchy
2022-11-10 15:06:36 [main] WARN  o.s.b.f.s.DisposableBeanAdapter - Invocation of destroy method 'clearCache' failed on bean with name 'sqlSession': java.lang.IllegalStateException: java.io.FileNotFoundException: /Users/tuan/Documents/works/.metadata/.plugins/org.eclipse.wst.server.core/tmp0/wtpwebapps/chap27_spring_security_01/WEB-INF/lib/spring-security-config-5.0.6.RELEASE.jar (No such file or directory)
2022-11-10 15:06:36 [main] INFO  com.zaxxer.hikari.HikariDataSource - HikariPool-1 - Shutdown initiated...
2022-11-10 15:06:36 [HikariPool-1 connection closer] INFO  jdbc.connection - 141. Connection closed
2022-11-10 15:06:36 [HikariPool-1 connection closer] INFO  jdbc.connection - 142. Connection closed
2022-11-10 15:06:36 [HikariPool-1 connection closer] INFO  jdbc.connection - 143. Connection closed
2022-11-10 15:06:36 [HikariPool-1 connection closer] INFO  jdbc.connection - 144. Connection closed
2022-11-10 15:06:36 [HikariPool-1 connection closer] INFO  jdbc.connection - 145. Connection closed
2022-11-10 15:06:36 [HikariPool-1 connection closer] INFO  jdbc.connection - 146. Connection closed
2022-11-10 15:06:36 [HikariPool-1 connection closer] INFO  jdbc.connection - 147. Connection closed
2022-11-10 15:06:36 [HikariPool-1 connection closer] INFO  jdbc.connection - 148. Connection closed
2022-11-10 15:06:36 [HikariPool-1 connection closer] INFO  jdbc.connection - 149. Connection closed
2022-11-10 15:06:36 [HikariPool-1 connection closer] INFO  jdbc.connection - 150. Connection closed
2022-11-10 15:06:36 [main] INFO  com.zaxxer.hikari.HikariDataSource - HikariPool-1 - Shutdown completed.
